SF:lib/src/simple_navigator_dialog_handler.dart
DA:7,1
DA:12,2
DA:16,2
DA:22,2
DA:23,3
DA:25,2
DA:27,4
DA:28,2
DA:29,2
DA:30,2
DA:31,1
DA:37,2
DA:40,1
DA:42,3
DA:43,1
DA:44,0
DA:45,0
DA:49,2
DA:51,9
DA:52,5
DA:53,1
DA:54,3
DA:55,2
LF:23
LH:21
end_of_record
SF:lib/src/simple_navigator_utils.dart
DA:13,2
DA:14,2
DA:15,2
DA:18,4
DA:19,4
DA:20,4
DA:21,16
DA:22,6
DA:23,4
DA:24,8
DA:25,4
DA:26,12
DA:27,8
DA:35,0
DA:41,0
DA:45,3
DA:46,3
DA:47,0
DA:49,6
DA:54,2
DA:57,2
DA:58,2
DA:59,2
DA:60,2
DA:61,2
DA:97,0
LF:26
LH:22
end_of_record
SF:lib/simple_navigator.dart
DA:18,1
DA:19,3
DA:20,3
DA:21,2
DA:23,1
DA:24,0
DA:25,0
DA:28,1
DA:37,1
DA:39,1
DA:48,1
DA:50,1
DA:51,1
DA:52,1
DA:56,1
DA:58,1
LF:16
LH:14
end_of_record
SF:lib/src/simple_navigator_route.dart
DA:14,3
DA:20,3
DA:21,9
DA:22,6
DA:25,8
DA:31,3
DA:35,6
DA:36,5
DA:39,3
DA:40,3
DA:41,3
DA:42,6
DA:43,3
DA:45,3
DA:48,1
DA:59,2
DA:65,2
DA:66,2
DA:67,2
DA:69,2
DA:76,2
DA:77,12
DA:80,4
DA:81,2
DA:82,10
LF:25
LH:25
end_of_record
SF:lib/src/simple_navigator_tabs_builder.dart
DA:6,1
DA:10,1
DA:12,1
DA:20,1
DA:22,3
DA:23,3
DA:24,1
DA:27,0
DA:29,0
DA:30,0
DA:31,0
DA:33,0
DA:36,1
DA:38,3
DA:39,1
DA:42,1
DA:43,4
DA:47,2
DA:48,2
DA:50,1
DA:51,2
DA:52,2
DA:56,1
DA:58,3
DA:59,3
LF:25
LH:20
end_of_record
SF:lib/src/simple_navigator_splash_completer_mixin.dart
DA:8,3
DA:10,1
DA:11,2
LF:3
LH:3
end_of_record
SF:lib/src/simple_navigator_delegate.dart
DA:22,1
DA:26,1
DA:28,1
DA:29,2
DA:32,2
DA:33,1
DA:34,1
DA:35,1
DA:36,1
DA:38,1
DA:39,1
DA:40,0
DA:42,1
DA:44,1
DA:45,1
DA:49,2
DA:50,1
DA:51,2
DA:54,1
DA:58,1
DA:60,1
DA:61,1
DA:63,1
DA:64,2
DA:65,0
DA:66,0
DA:67,0
DA:74,1
DA:76,2
DA:78,3
DA:82,1
DA:84,3
DA:85,3
DA:89,1
DA:95,2
DA:104,1
DA:106,2
DA:110,1
DA:116,2
DA:124,1
DA:126,2
DA:128,2
DA:133,1
DA:135,2
DA:137,2
DA:142,1
DA:144,2
DA:146,2
DA:151,1
DA:153,2
DA:154,0
DA:155,2
DA:156,2
DA:157,1
DA:159,0
DA:163,1
DA:165,2
DA:166,3
DA:167,2
DA:168,2
DA:169,4
DA:170,2
DA:171,1
DA:172,1
DA:174,4
DA:175,2
DA:176,6
DA:177,1
DA:178,0
DA:179,1
DA:180,2
DA:184,3
DA:186,1
DA:188,2
DA:195,1
DA:196,2
DA:198,1
DA:200,2
DA:201,1
DA:202,2
DA:207,0
DA:211,0
DA:220,1
DA:226,1
DA:228,2
DA:231,1
DA:233,2
DA:236,1
DA:238,2
DA:241,0
DA:243,0
LF:91
LH:80
end_of_record
SF:lib/src/simple_navigator_parser.dart
DA:5,1
DA:7,2
DA:8,1
DA:10,1
LF:4
LH:4
end_of_record
SF:lib/src/simple_navigator_params.dart
DA:11,2
LF:1
LH:1
end_of_record
SF:lib/src/simple_navigator_stack_widget.dart
DA:7,1
DA:13,1
DA:20,1
DA:22,1
DA:29,1
DA:31,1
DA:34,1
DA:36,3
DA:38,1
DA:40,2
DA:41,3
DA:42,2
DA:43,2
DA:47,1
DA:49,3
DA:51,1
DA:53,3
DA:55,1
DA:57,3
DA:59,0
DA:61,0
DA:63,1
DA:64,3
DA:66,1
DA:69,3
DA:71,1
DA:75,3
DA:81,0
DA:82,0
DA:84,0
DA:85,0
DA:87,0
DA:92,0
LF:33
LH:25
end_of_record
SF:lib/src/simple_navigator_stack_handler.dart
DA:27,2
DA:33,2
DA:34,2
DA:35,4
DA:36,2
DA:37,3
DA:40,4
DA:41,2
DA:42,4
DA:43,6
DA:47,4
DA:48,6
DA:49,0
DA:50,0
DA:52,4
DA:53,4
DA:56,2
DA:57,4
DA:58,4
DA:59,2
DA:60,4
DA:64,2
DA:68,4
DA:70,2
DA:71,10
DA:73,2
DA:74,6
DA:76,6
DA:78,2
DA:79,2
DA:80,4
DA:81,6
DA:82,4
DA:84,10
DA:85,2
DA:86,2
DA:87,2
DA:88,2
DA:89,2
DA:93,2
DA:94,2
DA:99,2
DA:101,2
DA:103,2
DA:105,2
DA:106,1
DA:107,1
DA:108,2
DA:131,2
DA:140,2
DA:141,10
DA:142,0
DA:146,2
DA:147,2
DA:148,1
DA:150,2
DA:152,4
DA:154,4
DA:155,4
DA:156,2
DA:163,2
DA:164,12
DA:166,4
DA:167,2
DA:168,4
DA:175,2
DA:176,4
DA:177,4
DA:182,0
DA:183,0
DA:184,0
DA:209,2
DA:214,2
DA:215,2
DA:221,8
DA:222,4
DA:225,0
DA:230,0
DA:234,0
DA:235,0
DA:238,0
DA:239,0
DA:246,0
DA:247,0
DA:250,2
DA:257,4
DA:260,6
DA:262,4
DA:263,2
DA:264,2
DA:265,1
DA:266,4
DA:269,4
DA:273,2
DA:275,6
DA:276,1
DA:277,1
DA:279,4
DA:280,0
DA:281,0
DA:282,0
DA:284,0
DA:289,0
DA:291,4
DA:292,4
DA:294,4
DA:297,0
DA:298,0
DA:300,0
DA:303,2
DA:305,4
DA:309,2
DA:311,4
DA:312,2
DA:313,2
DA:314,2
DA:317,2
DA:319,0
DA:320,0
DA:324,2
DA:325,7
DA:328,2
DA:329,4
DA:330,2
DA:331,2
DA:332,12
DA:338,2
DA:339,4
DA:340,6
DA:342,2
DA:343,2
DA:344,2
DA:345,12
DA:346,10
DA:347,4
DA:351,2
DA:352,4
DA:353,4
DA:355,4
DA:361,2
DA:366,2
DA:367,2
DA:368,2
DA:369,2
DA:370,4
DA:371,4
DA:373,8
DA:377,2
DA:378,2
DA:379,4
DA:380,6
DA:381,4
DA:384,2
DA:385,8
DA:386,10
DA:387,4
DA:388,4
DA:389,4
DA:391,6
DA:392,4
DA:394,4
DA:399,0
DA:405,1
DA:406,3
DA:409,3
DA:410,4
DA:413,1
DA:414,3
DA:415,4
DA:423,1
DA:424,4
DA:426,3
DA:428,3
DA:430,3
DA:431,3
DA:434,6
DA:436,6
DA:437,6
DA:440,3
DA:441,2
DA:442,3
DA:443,0
DA:444,2
DA:446,0
DA:448,4
DA:449,14
LF:186
LH:159
end_of_record
SF:lib/src/simple_navigator_tabs_widget.dart
DA:7,2
DA:11,2
DA:15,1
DA:17,1
DA:25,1
DA:27,3
DA:28,1
DA:29,1
DA:32,1
DA:33,2
DA:34,3
DA:35,2
DA:37,2
DA:38,1
DA:39,4
DA:40,1
DA:41,1
DA:42,1
DA:43,3
DA:45,1
DA:52,0
DA:54,0
DA:55,0
DA:56,0
DA:58,0
DA:61,1
DA:63,3
DA:64,1
DA:67,1
DA:68,2
DA:69,2
DA:71,1
DA:72,2
DA:73,6
DA:74,2
DA:78,1
DA:80,3
DA:81,2
DA:82,2
DA:83,5
DA:86,5
DA:87,2
DA:88,3
DA:89,2
DA:90,2
DA:91,1
DA:92,3
DA:93,0
DA:95,2
DA:99,1
DA:118,1
DA:119,0
DA:122,5
DA:132,1
DA:136,1
DA:147,1
DA:149,2
DA:154,1
DA:157,1
DA:159,2
DA:161,1
DA:164,1
DA:166,2
DA:170,0
DA:171,0
DA:173,1
DA:174,4
DA:176,1
DA:177,2
DA:179,1
DA:182,1
DA:185,1
LF:72
LH:63
end_of_record
